<?xml version="1.0" encoding="UTF-8"?>
<!-- Generated by org.testng.reporters.JUnitReportReporter -->
<testsuite hostname="GI-DT-NOC11" name="Project.ProjectGoibibo.Flight_Vertical" tests="10" failures="0" timestamp="25 Feb 2020 09:43:49 GMT" time="20.677" errors="0">
  <testcase name="search_button" time="0.587" classname="Project.ProjectGoibibo.Flight_Vertical"/>
  <testcase name="Destination" time="0.516" classname="Project.ProjectGoibibo.Flight_Vertical"/>
  <testcase name="airlines_selection" time="2.053" classname="Project.ProjectGoibibo.Flight_Vertical"/>
  <testcase name="insurance_selection" time="0.865" classname="Project.ProjectGoibibo.Flight_Vertical"/>
  <testcase name="Proceed_to_payment" time="10.654" classname="Project.ProjectGoibibo.Flight_Vertical"/>
  <testcase name="traveller_details" time="0.817" classname="Project.ProjectGoibibo.Flight_Vertical"/>
  <testcase name="book_flight" time="1.719" classname="Project.ProjectGoibibo.Flight_Vertical"/>
  <testcase name="Source" time="1.211" classname="Project.ProjectGoibibo.Flight_Vertical"/>
  <testcase name="Icon" time="1.937" classname="Project.ProjectGoibibo.Flight_Vertical"/>
  <testcase name="journy_date" time="0.318" classname="Project.ProjectGoibibo.Flight_Vertical"/>
</testsuite> <!-- Project.ProjectGoibibo.Flight_Vertical -->
