<?xml version="1.0" encoding="UTF-8"?>
<!-- Generated by org.testng.reporters.JUnitReportReporter -->
<testsuite hostname="GI-DT-NOC11" name="Project.ProjectGoibibo.Flight_Vertical" tests="10" failures="0" timestamp="25 Feb 2020 15:17:55 GMT" time="20.273" errors="0">
  <testcase name="search_button" time="0.445" classname="Project.ProjectGoibibo.Flight_Vertical"/>
  <testcase name="Destination" time="0.416" classname="Project.ProjectGoibibo.Flight_Vertical"/>
  <testcase name="airlines_selection" time="2.537" classname="Project.ProjectGoibibo.Flight_Vertical"/>
  <testcase name="insurance_selection" time="0.909" classname="Project.ProjectGoibibo.Flight_Vertical"/>
  <testcase name="Proceed_to_payment" time="9.460" classname="Project.ProjectGoibibo.Flight_Vertical"/>
  <testcase name="traveller_details" time="0.705" classname="Project.ProjectGoibibo.Flight_Vertical"/>
  <testcase name="book_flight" time="2.043" classname="Project.ProjectGoibibo.Flight_Vertical"/>
  <testcase name="Source" time="0.908" classname="Project.ProjectGoibibo.Flight_Vertical"/>
  <testcase name="Icon" time="2.574" classname="Project.ProjectGoibibo.Flight_Vertical"/>
  <testcase name="journy_date" time="0.276" classname="Project.ProjectGoibibo.Flight_Vertical"/>
</testsuite> <!-- Project.ProjectGoibibo.Flight_Vertical -->
