<?xml version="1.0" encoding="UTF-8"?>
<!-- Generated by org.testng.reporters.JUnitReportReporter -->
<testsuite hostname="GI-DT-NOC11" name="Project.ProjectGoibibo.Flight_Vertical" tests="10" failures="0" timestamp="24 Feb 2020 22:07:34 GMT" time="18.964" errors="0">
  <testcase name="Source" time="1.392" classname="Project.ProjectGoibibo.Flight_Vertical"/>
  <testcase name="search_button" time="0.911" classname="Project.ProjectGoibibo.Flight_Vertical"/>
  <testcase name="Icon" time="2.185" classname="Project.ProjectGoibibo.Flight_Vertical"/>
  <testcase name="traveller_details" time="0.929" classname="Project.ProjectGoibibo.Flight_Vertical"/>
  <testcase name="airlines_selection" time="1.379" classname="Project.ProjectGoibibo.Flight_Vertical"/>
  <testcase name="journy_date" time="0.244" classname="Project.ProjectGoibibo.Flight_Vertical"/>
  <testcase name="insurance_selection" time="0.776" classname="Project.ProjectGoibibo.Flight_Vertical"/>
  <testcase name="Proceed_to_payment" time="8.755" classname="Project.ProjectGoibibo.Flight_Vertical"/>
  <testcase name="book_flight" time="1.983" classname="Project.ProjectGoibibo.Flight_Vertical"/>
  <testcase name="Destination" time="0.410" classname="Project.ProjectGoibibo.Flight_Vertical"/>
</testsuite> <!-- Project.ProjectGoibibo.Flight_Vertical -->
